This is pdfTeX, Version 3.14159265-2.6-1.40.19 (MiKTeX 2.9.6840 64-bit) (preloaded format=pdflatex 2018.12.12)  12 DEC 2018 18:15
entering extended mode
**./trabajo.tex
(trabajo.tex
LaTeX2e <2018-04-01> patch level 5
("C:\Users\Taquila\AppData\Local\Programs\MiKTeX 2.9\tex\latex\base\article.cls
"
Document Class: article 2014/09/29 v1.4h Standard LaTeX document class
("C:\Users\Taquila\AppData\Local\Programs\MiKTeX 2.9\tex\latex\base\size11.clo"
File: size11.clo 2014/09/29 v1.4h Standard LaTeX file (size option)
)
\c@part=\count80
\c@section=\count81
\c@subsection=\count82
\c@subsubsection=\count83
\c@paragraph=\count84
\c@subparagraph=\count85
\c@figure=\count86
\c@table=\count87
\abovecaptionskip=\skip41
\belowcaptionskip=\skip42
\bibindent=\dimen102
) (acl2015.sty
Conference Style for ACL 2015 -- released December 7, 2014
\titlebox=\skip43
)
("C:\Users\Taquila\AppData\Local\Programs\MiKTeX 2.9\tex\latex\psnfss\times.sty
"
Package: times 2005/04/12 PSNFSS-v9.2a (SPQR) 
) ("C:\Users\Taquila\AppData\Local\Programs\MiKTeX 2.9\tex\latex\url\url.sty"
\Urlmuskip=\muskip10
Package: url 2013/09/16  ver 3.4  Verb mode for urls, etc.
)
("C:\Users\Taquila\AppData\Local\Programs\MiKTeX 2.9\tex\latex\base\latexsym.st
y"
Package: latexsym 1998/08/17 v2.2e Standard LaTeX package (lasy symbols)
\symlasy=\mathgroup4
LaTeX Font Info:    Overwriting symbol font `lasy' in version `bold'
(Font)                  U/lasy/m/n --> U/lasy/b/n on input line 52.
)
("C:\Users\Taquila\AppData\Local\Programs\MiKTeX 2.9\tex\latex\base\inputenc.st
y"
Package: inputenc 2018/04/06 v1.3b Input encoding file
\inpenc@prehook=\toks14
\inpenc@posthook=\toks15
)
("C:\Users\Taquila\AppData\Local\Programs\MiKTeX 2.9\tex\generic\babel\babel.st
y"
Package: babel 2018/09/26 3.24 The Babel package

("C:\Users\Taquila\AppData\Local\Programs\MiKTeX 2.9\tex\generic\babel\switch.d
ef"
File: switch.def 2018/09/26 3.24 Babel switching mechanism
)
*************************************
* Local config file bblopts.cfg used
*

("C:\Users\Taquila\AppData\Local\Programs\MiKTeX 2.9\tex\latex\arabi\bblopts.cf
g"
File: bblopts.cfg 2005/09/08 v0.1 add Arabic and Farsi to "declared" options of
 babel
)
("C:\Users\Taquila\AppData\Local\Programs\MiKTeX 2.9\tex\latex\babel-spanish\sp
anish.ldf"
Language: spanish.ldf 2016/03/03 v5.0p Spanish support from the babel system

("C:\Users\Taquila\AppData\Local\Programs\MiKTeX 2.9\tex\generic\babel\babel.de
f"
File: babel.def 2018/09/26 3.24 Babel common definitions
\babel@savecnt=\count88
\U@D=\dimen103

("C:\Users\Taquila\AppData\Local\Programs\MiKTeX 2.9\tex\generic\babel\txtbabel
.def")
\bbl@dirlevel=\count89
)
\es@quottoks=\toks16
\es@quotdepth=\count90
Package babel Info: Making " an active character on input line 561.
Package babel Info: Making . an active character on input line 662.
Package babel Info: Making < an active character on input line 707.
Package babel Info: Making > an active character on input line 707.
)) (trabajo.aux
LaTeX Info: Redefining \. on input line 6.
LaTeX Info: Redefining \% on input line 6.
)
\openout1 = `trabajo.aux'.

LaTeX Font Info:    Checking defaults for OML/cmm/m/it on input line 19.
LaTeX Font Info:    ... okay on input line 19.
LaTeX Font Info:    Checking defaults for T1/cmr/m/n on input line 19.
LaTeX Font Info:    ... okay on input line 19.
LaTeX Font Info:    Checking defaults for OT1/cmr/m/n on input line 19.
LaTeX Font Info:    ... okay on input line 19.
LaTeX Font Info:    Checking defaults for OMS/cmsy/m/n on input line 19.
LaTeX Font Info:    ... okay on input line 19.
LaTeX Font Info:    Checking defaults for OMX/cmex/m/n on input line 19.
LaTeX Font Info:    ... okay on input line 19.
LaTeX Font Info:    Checking defaults for U/cmr/m/n on input line 19.
LaTeX Font Info:    ... okay on input line 19.
LaTeX Font Info:    Try loading font information for OT1+ptm on input line 19.

("C:\Users\Taquila\AppData\Local\Programs\MiKTeX 2.9\tex\latex\psnfss\ot1ptm.fd
"
File: ot1ptm.fd 2001/06/04 font definitions for OT1/ptm.
)
LaTeX Info: Redefining \. on input line 19.
LaTeX Info: Redefining \% on input line 19.
LaTeX Font Info:    Font shape `OT1/ptm/bx/n' in size <14.4> not available
(Font)              Font shape `OT1/ptm/b/n' tried instead on input line 20.
LaTeX Font Info:    External font `cmex10' loaded for size
(Font)              <12> on input line 20.
LaTeX Font Info:    External font `cmex10' loaded for size
(Font)              <8> on input line 20.
LaTeX Font Info:    External font `cmex10' loaded for size
(Font)              <6> on input line 20.
LaTeX Font Info:    Try loading font information for U+lasy on input line 20.
 ("C:\Users\Taquila\AppData\Local\Programs\MiKTeX 2.9\tex\latex\base\ulasy.fd"
File: ulasy.fd 1998/08/17 v2.2e LaTeX symbol font definitions
)
LaTeX Font Info:    Font shape `OT1/ptm/bx/n' in size <12> not available
(Font)              Font shape `OT1/ptm/b/n' tried instead on input line 20.
LaTeX Font Info:    Try loading font information for OT1+pcr on input line 20.

("C:\Users\Taquila\AppData\Local\Programs\MiKTeX 2.9\tex\latex\psnfss\ot1pcr.fd
"
File: ot1pcr.fd 2001/06/04 font definitions for OT1/pcr.
)
! Missing } inserted.
<inserted text> 
                }
l.20 \maketitle
               
I've put in what seems to be necessary to fix
the current column of the current alignment.
Try to go on, since this might almost work.

! Missing { inserted.
<inserted text> 
                {
l.20 \maketitle
               
I've put in what seems to be necessary to fix
the current column of the current alignment.
Try to go on, since this might almost work.

(abstract.tex
Underfull \hbox (badness 10000) in paragraph at lines 2--3

 []


Underfull \hbox (badness 10000) in paragraph at lines 4--5

 []

) (introduccion.tex
Underfull \hbox (badness 10000) in paragraph at lines 2--3

 []


Underfull \hbox (badness 1931) in paragraph at lines 4--5
\OT1/ptm/m/n/10.95 ti-po de ac-ti-vi-dad ile-gal en la que se uti-li-ce
 []


Underfull \hbox (badness 10000) in paragraph at lines 4--5

 []

) (objetivo.tex) (mteorico.tex
LaTeX Font Info:    Font shape `OT1/ptm/bx/n' in size <10.95> not available
(Font)              Font shape `OT1/ptm/b/n' tried instead on input line 2.

Underfull \hbox (badness 10000) in paragraph at lines 20--21

 []


Underfull \hbox (badness 10000) in paragraph at lines 22--23

 []

[1{C:/Users/Taquila/AppData/Local/MiKTeX/2.9/pdftex/config/pdftex.map}



]
Underfull \hbox (badness 2460) in paragraph at lines 27--34
[]\OT1/ptm/m/n/10.95 SEG[]UN LA VA-RIA-BI-LI-DAD DE DA-TOS
 []


Underfull \hbox (badness 2027) in paragraph at lines 27--34
\OT1/ptm/m/n/10.95 los da-tos que con-tie-ne, en-tre ellas: con-sul-ta,
 []


Underfull \hbox (badness 10000) in paragraph at lines 27--34

 []


Underfull \hbox (badness 3281) in paragraph at lines 36--37
\OT1/ptm/m/n/10.95 su in-for-ma-ci[]on en una es-truc-tu-ra jer[]arqui-ca,
 []


Underfull \hbox (badness 1028) in paragraph at lines 36--37
\OT1/ptm/m/n/10.95 hi-jos. Es-te mo-de-lo es bas-tan-te []util cuan-do la
 []


Underfull \hbox (badness 10000) in paragraph at lines 36--37

 []


Underfull \hbox (badness 10000) in paragraph at lines 38--39

 []


Underfull \hbox (badness 10000) in paragraph at lines 40--41

 []


Underfull \hbox (badness 1596) in paragraph at lines 42--43
\OT1/ptm/m/n/10.95 he-ren-cia (los ob-je-tos he-re-dan com-por-ta-mien-to
 []


Underfull \hbox (badness 10000) in paragraph at lines 42--43

 []

) (analisis.tex
Underfull \hbox (badness 2173) in paragraph at lines 13--15
[]\OT1/ptm/m/n/10.95 IDENTIFIQUE SU SEN-SI-BI-LI-DAD: Desa-
 []


Underfull \hbox (badness 10000) in paragraph at lines 13--15

 []


Underfull \vbox (badness 1077) has occurred while \output is active []

 [2]
Underfull \hbox (badness 4899) in paragraph at lines 16--18
\OT1/ptm/m/n/10.95 Y LA CON-FI-GU-RA-CI[]ON: Es-to in-clu-ye la
 []


Underfull \hbox (badness 10000) in paragraph at lines 16--18

 []


Underfull \hbox (badness 1122) in paragraph at lines 19--23
\OT1/ptm/m/n/10.95 in-clu-yen vul-ne-ra-bi-li-da-des co-no-ci-das; as[] co-mo
 []


Underfull \hbox (badness 2799) in paragraph at lines 19--23
\OT1/ptm/m/n/10.95 - De-cli-nar la coin-ci-den-cia de ho-ra-rios en-tre
 []


Underfull \hbox (badness 10000) in paragraph at lines 19--23

 []


Underfull \hbox (badness 1924) in paragraph at lines 24--26
\OT1/ptm/m/n/10.95 de da-tos. Otros ele-men-tos de en-du-re-ci-mien-to
 []


Underfull \hbox (badness 10000) in paragraph at lines 24--26

 []


Underfull \hbox (badness 1005) in paragraph at lines 27--29
\OT1/ptm/m/n/10.95 con-tro-les de en-du-re-ci-mien-to, reali-ce au-to eva-
 []


Underfull \hbox (badness 10000) in paragraph at lines 27--29

 []


Underfull \hbox (badness 10000) in paragraph at lines 30--32

 []

) (conclusion.tex) (referencias.tex
LaTeX Font Info:    Font shape `OT1/ptm/bx/n' in size <10> not available
(Font)              Font shape `OT1/ptm/b/n' tried instead on input line 4.


! LaTeX Error: Something's wrong--perhaps a missing \item.

See the LaTeX manual or LaTeX Companion for explanation.
Type  H <return>  for immediate help.
 ...                                              
                                                  
l.12 \end{thebibliography}
                          
Try typing  <return>  to proceed.
If that doesn't work, type  X <return>  to quit.


Underfull \hbox (badness 10000) in paragraph at lines 2--12
[]\OT1/ptm/m/n/10 [1] Se-gu-ri-dad de ba-se de da-tos.
 []


Underfull \hbox (badness 10000) in paragraph at lines 2--12
\OT1/ptm/m/n/10 https://es.slideshare.net/mesarango/bd-avanzada-
 []


Underfull \hbox (badness 10000) in paragraph at lines 2--12

 []


Underfull \hbox (badness 10000) in paragraph at lines 2--12
\OT1/ptm/b/n/10 [2] \OT1/ptm/m/n/10 Se-gu-ri-dad de da-tos: En que con-si-te?
 []


Underfull \hbox (badness 10000) in paragraph at lines 2--12

 []


Underfull \hbox (badness 10000) in paragraph at lines 2--12
\OT1/ptm/b/n/10 [3] \OT1/ptm/m/n/10 Se-gu-ri-dad de da-tos: En que con-si-te?
 []


Overfull \hbox (25.21129pt too wide) in paragraph at lines 2--12
\OT1/ptm/m/n/10 http://ri.ufg.edu.sv/jspui/bitstream/11592/6822/3/005.756-
 []


Underfull \hbox (badness 10000) in paragraph at lines 2--12

 []


Underfull \hbox (badness 1902) in paragraph at lines 2--12
\OT1/ptm/b/n/10 [4] \OT1/ptm/m/n/10 Prin-ci-pios b[]asi-co de se-gu-ri-dad en b
a-se de
 []


Underfull \hbox (badness 10000) in paragraph at lines 2--12
\OT1/ptm/m/n/10 da-tos https://revista.seguridad.unam.mx/numero-
 []


Underfull \hbox (badness 10000) in paragraph at lines 2--12
\OT1/ptm/m/n/10 12/principios-basicos-de-seguridad-en-bases-de-
 []


Underfull \hbox (badness 10000) in paragraph at lines 2--12

 []


Underfull \hbox (badness 10000) in paragraph at lines 2--12

 []

) [3] (trabajo.aux
LaTeX Info: Redefining \. on input line 6.
LaTeX Info: Redefining \% on input line 6.
) ) 
Here is how much of TeX's memory you used:
 1412 strings out of 492970
 19502 string characters out of 3125705
 96846 words of memory out of 3000000
 5284 multiletter control sequences out of 15000+200000
 18197 words of font info for 43 fonts, out of 3000000 for 9000
 1141 hyphenation exceptions out of 8191
 27i,9n,31p,847b,359s stack positions out of 5000i,500n,10000p,200000b,50000s
{C:/Users/Taquila/AppData/Local/Programs/MiKTeX 2.9/fonts/enc/dvips/base/8r.
enc}<C:/Users/Taquila/AppData/Local/Programs/MiKTeX 2.9/fonts/type1/urw/courier
/ucrr8a.pfb><C:/Users/Taquila/AppData/Local/Programs/MiKTeX 2.9/fonts/type1/urw
/times/utmb8a.pfb><C:/Users/Taquila/AppData/Local/Programs/MiKTeX 2.9/fonts/typ
e1/urw/times/utmr8a.pfb>
Output written on trabajo.pdf (3 pages, 58394 bytes).
PDF statistics:
 25 PDF objects out of 1000 (max. 8388607)
 0 named destinations out of 1000 (max. 500000)
 1 words of extra memory for PDF output out of 10000 (max. 10000000)

